<?xml version="1.0" encoding="UTF-8"?>
<testng-results skipped="0" failed="0" ignored="0" total="1" passed="1">
  <reporter-output>
  </reporter-output>
  <suite name="Default suite" duration-ms="18139" started-at="2020-04-13T13:23:56Z" finished-at="2020-04-13T13:24:14Z">
    <groups>
    </groups>
    <test name="Default test" duration-ms="18139" started-at="2020-04-13T13:23:56Z" finished-at="2020-04-13T13:24:14Z">
      <class name="com.NewTest">
        <test-method status="PASS" signature="testParameter(java.lang.String, java.lang.String)[pri:0, instance:com.NewTest@68be2bc2]" name="testParameter" duration-ms="18115" started-at="2020-04-13T13:23:56Z" finished-at="2020-04-13T13:24:14Z">
          <params>
            <param index="0">
              <value>
                <![CDATA[test@test.com]]>
              </value>
            </param>
            <param index="1">
              <value>
                <![CDATA[123]]>
              </value>
            </param>
          </params>
          <reporter-output>
          </reporter-output>
        </test-method> <!-- testParameter -->
      </class> <!-- com.NewTest -->
    </test> <!-- Default test -->
  </suite> <!-- Default suite -->
</testng-results>
